
Copyright (C) 1994-2020 Synopsys, Inc.
This Synopsys software and all associated documentation are proprietary to Synopsys, Inc.
and may only be used pursuant to the terms and conditions of a written license agreement
with Synopsys, Inc. All other use, reproduction, modification, or distribution of the
Synopsys software or the associated documentation is strictly prohibited.
Tool: Synplify Pro (R)
Build: Q-2020.03L-SP1
Install: C:\lscc\diamond\3.12\synpbase
OS: Windows 6.2

Hostname: RD-LAPTOP

Implementation : impl1
Synopsys HDL compiler and linker, Version comp202003synp2, Build 182R, Built Oct 29 2020 10:49:53, @

Modified Files: 10
FID:  path (prevtimestamp, timestamp)
28       C:\Users\reeve\git\EEE5118Z_Project\Modulator\Comms\Arbiter.v (2022-07-21 21:20:23, 2022-07-21 21:33:01)
16       C:\Users\reeve\git\EEE5118Z_Project\Modulator\Comms\UART.v (2022-07-21 21:20:23, 2022-07-21 21:33:19)
17       C:\Users\reeve\git\EEE5118Z_Project\Modulator\Comms\UART_Packets.v (2022-07-21 21:20:23, 2022-07-21 21:33:10)
26       C:\Users\reeve\git\EEE5118Z_Project\Modulator\DSP\NCO.v (2022-07-21 21:20:23, 2022-07-21 21:34:20)
18       C:\Users\reeve\git\EEE5118Z_Project\Modulator\DSP\PWM.v (2022-07-21 21:20:23, 2022-07-21 21:31:04)
27       C:\Users\reeve\git\EEE5118Z_Project\Modulator\DSP\QAM.v (2022-07-21 21:20:23, 2022-07-21 21:31:07)
21       C:\Users\reeve\git\EEE5118Z_Project\Modulator\Modulator.v (2022-07-21 21:20:24, 2022-07-21 21:32:55)
23       C:\Users\reeve\git\EEE5118Z_Project\Modulator\System\Registers.v (2022-07-21 21:20:24, 2022-07-21 21:29:00)
24       C:\Users\reeve\git\EEE5118Z_Project\Modulator\System\Streamer.v (2022-07-21 21:20:49, 2022-07-21 21:30:57)
25       C:\Users\reeve\git\EEE5118Z_Project\Modulator\System\Structures.v (2022-07-21 21:20:24, 2022-07-21 21:32:19)

*******************************************************************
Modules that may have changed as a result of file changes: 12
MID:  lib.cell.view
12       work.Arbiter.verilog may have changed because the following files changed:
                        C:\Users\reeve\git\EEE5118Z_Project\Modulator\Comms\Arbiter.v (2022-07-21 21:20:23, 2022-07-21 21:33:01) <-- (module definition)
                        C:\Users\reeve\git\EEE5118Z_Project\Modulator\Modulator.v (2022-07-21 21:20:24, 2022-07-21 21:32:55) <-- (may instantiate this module)
0        work.Controller.verilog may have changed because the following files changed:
                        C:\Users\reeve\git\EEE5118Z_Project\Modulator\Modulator.v (2022-07-21 21:20:24, 2022-07-21 21:32:55) <-- (may instantiate this module)
2        work.FIFO.verilog may have changed because the following files changed:
                        C:\Users\reeve\git\EEE5118Z_Project\Modulator\Modulator.v (2022-07-21 21:20:24, 2022-07-21 21:32:55) <-- (may instantiate this module)
                        C:\Users\reeve\git\EEE5118Z_Project\Modulator\System\Streamer.v (2022-07-21 21:20:49, 2022-07-21 21:30:57) <-- (may instantiate this module)
8        work.Modulator.verilog may have changed because the following files changed:
                        C:\Users\reeve\git\EEE5118Z_Project\Modulator\Modulator.v (2022-07-21 21:20:24, 2022-07-21 21:32:55) <-- (module definition)
10       work.NCO.verilog may have changed because the following files changed:
                        C:\Users\reeve\git\EEE5118Z_Project\Modulator\DSP\NCO.v (2022-07-21 21:20:23, 2022-07-21 21:34:20) <-- (module definition)
                        C:\Users\reeve\git\EEE5118Z_Project\Modulator\Modulator.v (2022-07-21 21:20:24, 2022-07-21 21:32:55) <-- (may instantiate this module)
3        work.PWM.verilog may have changed because the following files changed:
                        C:\Users\reeve\git\EEE5118Z_Project\Modulator\DSP\PWM.v (2022-07-21 21:20:23, 2022-07-21 21:31:04) <-- (module definition)
                        C:\Users\reeve\git\EEE5118Z_Project\Modulator\Modulator.v (2022-07-21 21:20:24, 2022-07-21 21:32:55) <-- (may instantiate this module)
11       work.QAM.verilog may have changed because the following files changed:
                        C:\Users\reeve\git\EEE5118Z_Project\Modulator\DSP\QAM.v (2022-07-21 21:20:23, 2022-07-21 21:31:07) <-- (module definition)
                        C:\Users\reeve\git\EEE5118Z_Project\Modulator\Modulator.v (2022-07-21 21:20:24, 2022-07-21 21:32:55) <-- (may instantiate this module)
4        work.Registers.verilog may have changed because the following files changed:
                        C:\Users\reeve\git\EEE5118Z_Project\Modulator\Comms\Arbiter.v (2022-07-21 21:20:23, 2022-07-21 21:33:01) <-- (may instantiate this module)
                        C:\Users\reeve\git\EEE5118Z_Project\Modulator\Comms\UART.v (2022-07-21 21:20:23, 2022-07-21 21:33:19) <-- (may instantiate this module)
                        C:\Users\reeve\git\EEE5118Z_Project\Modulator\Comms\UART_Packets.v (2022-07-21 21:20:23, 2022-07-21 21:33:10) <-- (may instantiate this module)
                        C:\Users\reeve\git\EEE5118Z_Project\Modulator\DSP\NCO.v (2022-07-21 21:20:23, 2022-07-21 21:34:20) <-- (may instantiate this module)
                        C:\Users\reeve\git\EEE5118Z_Project\Modulator\DSP\PWM.v (2022-07-21 21:20:23, 2022-07-21 21:31:04) <-- (may instantiate this module)
                        C:\Users\reeve\git\EEE5118Z_Project\Modulator\DSP\QAM.v (2022-07-21 21:20:23, 2022-07-21 21:31:07) <-- (may instantiate this module)
                        C:\Users\reeve\git\EEE5118Z_Project\Modulator\Modulator.v (2022-07-21 21:20:24, 2022-07-21 21:32:55) <-- (may instantiate this module)
                        C:\Users\reeve\git\EEE5118Z_Project\Modulator\System\Registers.v (2022-07-21 21:20:24, 2022-07-21 21:29:00) <-- (module definition)
                        C:\Users\reeve\git\EEE5118Z_Project\Modulator\System\Streamer.v (2022-07-21 21:20:49, 2022-07-21 21:30:57) <-- (may instantiate this module)
                        C:\Users\reeve\git\EEE5118Z_Project\Modulator\System\Structures.v (2022-07-21 21:20:24, 2022-07-21 21:32:19) <-- (may instantiate this module)
9        work.SineTable.verilog may have changed because the following files changed:
                        C:\Users\reeve\git\EEE5118Z_Project\Modulator\DSP\NCO.v (2022-07-21 21:20:23, 2022-07-21 21:34:20) <-- (may instantiate this module)
                        C:\Users\reeve\git\EEE5118Z_Project\Modulator\Modulator.v (2022-07-21 21:20:24, 2022-07-21 21:32:55) <-- (may instantiate this module)
5        work.Streamer.verilog may have changed because the following files changed:
                        C:\Users\reeve\git\EEE5118Z_Project\Modulator\Modulator.v (2022-07-21 21:20:24, 2022-07-21 21:32:55) <-- (may instantiate this module)
                        C:\Users\reeve\git\EEE5118Z_Project\Modulator\System\Streamer.v (2022-07-21 21:20:49, 2022-07-21 21:30:57) <-- (module definition)
6        work.UART.verilog may have changed because the following files changed:
                        C:\Users\reeve\git\EEE5118Z_Project\Modulator\Comms\UART.v (2022-07-21 21:20:23, 2022-07-21 21:33:19) <-- (module definition)
                        C:\Users\reeve\git\EEE5118Z_Project\Modulator\Comms\UART_Packets.v (2022-07-21 21:20:23, 2022-07-21 21:33:10) <-- (may instantiate this module)
                        C:\Users\reeve\git\EEE5118Z_Project\Modulator\Modulator.v (2022-07-21 21:20:24, 2022-07-21 21:32:55) <-- (may instantiate this module)
7        work.UART_Packets.verilog may have changed because the following files changed:
                        C:\Users\reeve\git\EEE5118Z_Project\Modulator\Comms\UART_Packets.v (2022-07-21 21:20:23, 2022-07-21 21:33:10) <-- (module definition)
                        C:\Users\reeve\git\EEE5118Z_Project\Modulator\Modulator.v (2022-07-21 21:20:24, 2022-07-21 21:32:55) <-- (may instantiate this module)

*******************************************************************
Unmodified files: 9
FID:  path (timestamp)
19       C:\Users\reeve\git\EEE5118Z_Project\Modulator\IP\FIFO.v (2022-07-20 20:58:37)
20       C:\Users\reeve\git\EEE5118Z_Project\Modulator\IP\SineTable.v (2022-07-20 21:03:30)
22       C:\Users\reeve\git\EEE5118Z_Project\Modulator\System\Controller.v (2022-07-21 21:20:24)
9        C:\lscc\diamond\3.12\synpbase\lib\lucent\pmi_def.v (2020-10-29 10:20:54)
10       C:\lscc\diamond\3.12\synpbase\lib\lucent\xp2.v (2020-10-29 10:20:54)
11       C:\lscc\diamond\3.12\synpbase\lib\vlog\hypermods.v (2020-10-29 10:23:10)
12       C:\lscc\diamond\3.12\synpbase\lib\vlog\scemi_objects.v (2020-10-29 10:23:10)
13       C:\lscc\diamond\3.12\synpbase\lib\vlog\scemi_pipes.svh (2020-10-29 10:23:10)
14       C:\lscc\diamond\3.12\synpbase\lib\vlog\umr_capim.v (2020-10-29 10:23:10)

*******************************************************************
Unchanged modules: 0
MID:  lib.cell.view
