C:\lscc\diamond\3.12\synpbase\bin64\c_hdl.exe  -osyn  C:\Users\reeve\Documents\Projects\Modulator\impl1\synwork\Modulator_impl1_comp.srs  -top  Modulator  -hdllog  C:\Users\reeve\Documents\Projects\Modulator\impl1\synlog\Modulator_impl1_compiler.srr  -encrypt  -mp  1  -verification_mode 0  -verilog  -prodtype  synplify_pro  -fixsmult -infer_seqShift -nram -sdff_counter -divnmod -nostructver   -I C:\Users\reeve\Documents\Projects\Modulator  -I C:\Users\reeve\Documents\Projects\Modulator\impl1\  -I C:\lscc\diamond\3.12\synpbase\lib   -sysv  -devicelib  C:\lscc\diamond\3.12\synpbase\lib\lucent\xp2.v  -devicelib  C:\lscc\diamond\3.12\synpbase\lib\lucent\pmi_def.v  -encrypt  -pro  -dmgen  C:\Users\reeve\Documents\Projects\Modulator\impl1\dm  -ui -fid2 -ram -sharing on -ll 2000 -autosm  -D_MULTIPLE_FILE_COMPILATION_UNIT_  -lib work -fv2001 C:\Users\reeve\Documents\Projects\Modulator\SineTable.v -lib work -fv2001 C:\Users\reeve\Documents\Projects\Modulator\FIFO.v -lib work -fsysv C:\Users\reeve\Documents\Projects\Modulator\System\Structures.v -lib work -fsysv C:\Users\reeve\Documents\Projects\Modulator\System\Registers.v -lib work -fsysv C:\Users\reeve\Documents\Projects\Modulator\Comms\UART.v -lib work -fsysv C:\Users\reeve\Documents\Projects\Modulator\Comms\UART_Packets.v -lib work -fsysv C:\Users\reeve\Documents\Projects\Modulator\System\Controller.v -lib work -fsysv C:\Users\reeve\Documents\Projects\Modulator\System\Streamer.v -lib work -fsysv C:\Users\reeve\Documents\Projects\Modulator\DSP\PWM.v -lib work -fsysv C:\Users\reeve\Documents\Projects\Modulator\Modulator.v  -jobname  "compiler" 
relcom:..\..\..\..\..\..\..\lscc\diamond\3.12\synpbase\bin64\c_hdl.exe -osyn ..\synwork\Modulator_impl1_comp.srs -top Modulator -hdllog ..\synlog\Modulator_impl1_compiler.srr -encrypt -mp 1 -verification_mode 0 -verilog -prodtype synplify_pro -fixsmult -infer_seqShift -nram -sdff_counter -divnmod -nostructver -I ..\..\..\Modulator -I ..\ -I ..\..\..\..\..\..\..\lscc\diamond\3.12\synpbase\lib -sysv -devicelib ..\..\..\..\..\..\..\lscc\diamond\3.12\synpbase\lib\lucent\xp2.v -devicelib ..\..\..\..\..\..\..\lscc\diamond\3.12\synpbase\lib\lucent\pmi_def.v -encrypt -pro -dmgen ..\dm -ui -fid2 -ram -sharing on -ll 2000 -autosm -D_MULTIPLE_FILE_COMPILATION_UNIT_ -lib work -fv2001 ..\..\SineTable.v -lib work -fv2001 ..\..\FIFO.v -lib work -fsysv ..\..\System\Structures.v -lib work -fsysv ..\..\System\Registers.v -lib work -fsysv ..\..\Comms\UART.v -lib work -fsysv ..\..\Comms\UART_Packets.v -lib work -fsysv ..\..\System\Controller.v -lib work -fsysv ..\..\System\Streamer.v -lib work -fsysv ..\..\DSP\PWM.v -lib work -fsysv ..\..\Modulator.v -jobname "compiler"
rc:0 success:1 runtime:8
file:..\synwork\Modulator_impl1_comp.srs|io:o|time:1658252864|size:39959|exec:0|csum:
file:..\synlog\Modulator_impl1_compiler.srr|io:o|time:1658252864|size:40112|exec:0|csum:
file:..\..\..\..\..\..\..\lscc\diamond\3.12\synpbase\lib\lucent\xp2.v|io:i|time:1603959654|size:89401|exec:0|csum:DEA28C1C674D46F9EEC2444777ADDD91
file:..\..\..\..\..\..\..\lscc\diamond\3.12\synpbase\lib\lucent\pmi_def.v|io:i|time:1603959654|size:40584|exec:0|csum:62845CEC2BB6FEBE1BA059B1E18015F4
file:.\-fv2001|io:i|time:0|size:-1|exec:0|csum:
file:..\..\SineTable.v|io:i|time:1658247820|size:111208|exec:0|csum:029C6128CAA81A0196D163AF2B590763
file:.\-fv2001|io:i|time:0|size:-1|exec:0|csum:
file:..\..\FIFO.v|io:i|time:1658247050|size:36308|exec:0|csum:1E1614DDC74AAB3D801F3166F8A5CF03
file:.\-fsysv|io:i|time:0|size:-1|exec:0|csum:
file:..\..\System\Structures.v|io:i|time:1658171567|size:640|exec:0|csum:0F4A13B30BBB069ECFFDE71027CB8704
file:.\-fsysv|io:i|time:0|size:-1|exec:0|csum:
file:..\..\System\Registers.v|io:i|time:1658127932|size:1595|exec:0|csum:E57380D0A20E269BC5B83475F8DBAE39
file:.\-fsysv|io:i|time:0|size:-1|exec:0|csum:
file:..\..\Comms\UART.v|io:i|time:1658169793|size:3479|exec:0|csum:276EBFD16D68935BC8158633533D1D72
file:.\-fsysv|io:i|time:0|size:-1|exec:0|csum:
file:..\..\Comms\UART_Packets.v|io:i|time:1658167580|size:5813|exec:0|csum:84DED5D5A6EAE4D3A2749C1561C13945
file:.\-fsysv|io:i|time:0|size:-1|exec:0|csum:
file:..\..\System\Controller.v|io:i|time:1658164587|size:2680|exec:0|csum:5FDE8CE187996A3ACDC5E0A5EF5F6A72
file:.\-fsysv|io:i|time:0|size:-1|exec:0|csum:
file:..\..\System\Streamer.v|io:i|time:1658252851|size:2463|exec:0|csum:9767D02F40A46A35B9FE4578FC2819C9
file:.\-fsysv|io:i|time:0|size:-1|exec:0|csum:
file:..\..\DSP\PWM.v|io:i|time:1658160124|size:387|exec:0|csum:DEFEA4731C29EC5E0233A74E20297AC2
file:.\-fsysv|io:i|time:0|size:-1|exec:0|csum:
file:..\..\Modulator.v|io:i|time:1658251275|size:1814|exec:0|csum:1555ED1A9CE489E21AFC8B44934CC4BD
file:..\..\..\..\..\..\..\lscc\diamond\3.12\synpbase\bin64\c_hdl.exe|io:i|time:1603959522|size:5736448|exec:1|csum:F3379711CDC83CA310869A1D9BD9BABE
